TN:
SF:index.js
FN:9,(anonymous_0)
FN:23,(anonymous_1)
FN:27,(anonymous_2)
FN:36,(anonymous_3)
FN:39,(anonymous_4)
FN:40,(anonymous_5)
FN:44,(anonymous_6)
FN:58,(anonymous_7)
FN:64,(anonymous_8)
FN:76,(anonymous_9)
FN:80,done
FN:95,(anonymous_11)
FN:102,(anonymous_12)
FN:105,(anonymous_13)
FN:111,(anonymous_14)
FN:112,(anonymous_15)
FN:128,(anonymous_16)
FNF:17
FNH:17
FNDA:1,(anonymous_0)
FNDA:1,(anonymous_1)
FNDA:9,(anonymous_2)
FNDA:4,(anonymous_3)
FNDA:3,(anonymous_4)
FNDA:3,(anonymous_5)
FNDA:4,(anonymous_6)
FNDA:5,(anonymous_7)
FNDA:5,(anonymous_8)
FNDA:1,(anonymous_9)
FNDA:1,done
FNDA:1,(anonymous_11)
FNDA:1,(anonymous_12)
FNDA:2,(anonymous_13)
FNDA:1,(anonymous_14)
FNDA:1,(anonymous_15)
FNDA:1,(anonymous_16)
DA:3,1
DA:4,1
DA:5,1
DA:6,1
DA:10,1
DA:11,1
DA:12,1
DA:14,1
DA:16,1
DA:18,1
DA:24,1
DA:28,9
DA:29,9
DA:30,6
DA:32,9
DA:33,9
DA:37,4
DA:38,4
DA:39,4
DA:40,3
DA:41,4
DA:45,4
DA:46,0
DA:48,4
DA:54,0
DA:59,5
DA:60,5
DA:65,5
DA:66,0
DA:68,5
DA:71,0
DA:76,1
DA:77,1
DA:78,1
DA:81,1
DA:82,1
DA:83,1
DA:84,1
DA:87,0
DA:88,0
DA:89,0
DA:91,0
DA:95,1
DA:96,1
DA:97,0
DA:100,1
DA:102,1
DA:103,1
DA:104,1
DA:105,1
DA:106,2
DA:107,1
DA:108,1
DA:111,1
DA:112,1
DA:113,1
DA:114,0
DA:116,1
DA:120,1
DA:121,1
DA:129,1
DA:130,0
DA:132,1
DA:138,0
LF:64
LH:52
BRDA:29,0,0,6
BRDA:29,0,1,3
BRDA:45,1,0,0
BRDA:45,1,1,4
BRDA:65,2,0,0
BRDA:65,2,1,5
BRDA:81,3,0,1
BRDA:81,3,1,0
BRDA:87,4,0,0
BRDA:87,4,1,0
BRDA:88,5,0,0
BRDA:88,5,1,0
BRDA:96,6,0,0
BRDA:96,6,1,1
BRDA:106,7,0,1
BRDA:106,7,1,1
BRDA:113,8,0,0
BRDA:113,8,1,1
BRDA:129,9,0,0
BRDA:129,9,1,1
BRDA:129,10,0,1
BRDA:129,10,1,1
BRF:22
BRH:12
end_of_record
TN:
SF:test/test.js
FN:16,(anonymous_0)
FN:22,b64url
FN:31,(anonymous_2)
FN:60,make_secret_session_data
FN:72,verify_secret_session_data
FN:98,register
FN:99,(anonymous_6)
FN:114,(anonymous_7)
FN:120,(anonymous_8)
FN:131,(anonymous_9)
FN:147,(anonymous_10)
FN:156,login
FN:157,(anonymous_12)
FN:170,(anonymous_13)
FN:188,(anonymous_14)
FN:208,(anonymous_15)
FN:343,(anonymous_16)
FN:344,(anonymous_17)
FN:372,(anonymous_18)
FN:382,(anonymous_19)
FN:423,(anonymous_20)
FN:440,(anonymous_21)
FN:441,(anonymous_22)
FN:464,(anonymous_23)
FNF:24
FNH:24
FNDA:2,(anonymous_0)
FNDA:5,b64url
FNDA:1,(anonymous_2)
FNDA:4,make_secret_session_data
FNDA:5,verify_secret_session_data
FNDA:1,register
FNDA:3,(anonymous_6)
FNDA:1,(anonymous_7)
FNDA:3,(anonymous_8)
FNDA:3,(anonymous_9)
FNDA:3,(anonymous_10)
FNDA:1,login
FNDA:1,(anonymous_12)
FNDA:2,(anonymous_13)
FNDA:1,(anonymous_14)
FNDA:1,(anonymous_15)
FNDA:1,(anonymous_16)
FNDA:1,(anonymous_17)
FNDA:1,(anonymous_18)
FNDA:1,(anonymous_19)
FNDA:1,(anonymous_20)
FNDA:1,(anonymous_21)
FNDA:1,(anonymous_22)
FNDA:1,(anonymous_23)
DA:1,1
DA:2,1
DA:3,1
DA:4,1
DA:5,1
DA:6,1
DA:7,1
DA:9,1
DA:10,1
DA:11,1
DA:12,1
DA:13,1
DA:17,2
DA:18,2
DA:23,5
DA:28,1
DA:29,1
DA:31,1
DA:32,1
DA:34,1
DA:42,1
DA:47,1
DA:57,1
DA:58,1
DA:61,4
DA:63,4
DA:76,5
DA:77,5
DA:82,5
DA:83,0
DA:85,5
DA:86,0
DA:88,5
DA:89,0
DA:91,5
DA:93,0
DA:94,0
DA:99,1
DA:100,3
DA:101,3
DA:102,2
DA:109,2
DA:110,1
DA:112,2
DA:114,3
DA:118,3
DA:121,3
DA:122,3
DA:124,3
DA:131,1
DA:132,3
DA:133,3
DA:134,0
DA:136,3
DA:139,3
DA:140,3
DA:143,0
DA:144,0
DA:146,3
DA:147,5
DA:148,1
DA:151,2
DA:152,2
DA:157,1
DA:158,1
DA:159,1
DA:160,0
DA:162,1
DA:163,1
DA:170,1
DA:171,2
DA:172,2
DA:173,0
DA:175,2
DA:178,2
DA:179,2
DA:182,0
DA:183,0
DA:185,2
DA:186,1
DA:188,1
DA:189,1
DA:191,0
DA:193,1
DA:194,1
DA:198,1
DA:202,1
DA:206,1
DA:208,1
DA:209,1
DA:210,1
DA:213,1
DA:214,1
DA:217,1
DA:343,1
DA:344,1
DA:345,1
DA:347,1
DA:349,1
DA:351,1
DA:353,1
DA:354,1
DA:355,1
DA:356,1
DA:358,1
DA:360,1
DA:363,1
DA:364,1
DA:365,1
DA:366,1
DA:368,1
DA:369,1
DA:372,1
DA:374,1
DA:375,1
DA:377,1
DA:379,1
DA:382,1
DA:383,1
DA:385,1
DA:387,1
DA:389,1
DA:391,1
DA:392,1
DA:393,1
DA:394,1
DA:396,1
DA:398,1
DA:399,1
DA:400,1
DA:401,1
DA:402,1
DA:403,1
DA:405,1
DA:407,1
DA:408,1
DA:409,1
DA:410,1
DA:412,1
DA:414,1
DA:415,1
DA:416,1
DA:417,1
DA:418,1
DA:419,1
DA:420,1
DA:423,1
DA:425,1
DA:434,1
DA:436,1
DA:440,1
DA:441,1
DA:442,1
DA:444,1
DA:446,1
DA:448,1
DA:450,1
DA:451,1
DA:452,1
DA:453,1
DA:455,1
DA:457,1
DA:458,1
DA:459,1
DA:460,1
DA:461,1
DA:464,1
DA:466,1
DA:475,1
DA:477,1
LF:170
LH:157
BRDA:82,0,0,0
BRDA:82,0,1,5
BRDA:85,1,0,0
BRDA:85,1,1,5
BRDA:88,2,0,0
BRDA:88,2,1,5
BRDA:101,3,0,2
BRDA:101,3,1,1
BRDA:109,4,0,1
BRDA:109,4,1,1
BRDA:133,5,0,0
BRDA:133,5,1,3
BRDA:147,6,0,1
BRDA:147,6,1,4
BRDA:159,7,0,0
BRDA:159,7,1,1
BRDA:172,8,0,0
BRDA:172,8,1,2
BRDA:185,9,0,1
BRDA:185,9,1,1
BRDA:189,10,0,0
BRDA:189,10,1,1
BRF:22
BRH:15
end_of_record
