TN:
SF:index.js
FN:8,argify
FN:9,(anonymous_1)
FN:11,(anonymous_2)
FN:21,(anonymous_3)
FN:34,(anonymous_4)
FN:38,(anonymous_5)
FN:47,(anonymous_6)
FN:50,(anonymous_7)
FN:50,(anonymous_8)
FN:57,(anonymous_9)
FN:65,(anonymous_10)
FN:69,done
FN:84,(anonymous_12)
FN:93,(anonymous_13)
FN:96,(anonymous_14)
FN:102,(anonymous_15)
FN:103,(anonymous_16)
FN:106,(anonymous_17)
FN:120,(anonymous_18)
FNF:19
FNH:19
FNDA:8,argify
FNDA:17,(anonymous_1)
FNDA:17,(anonymous_2)
FNDA:2,(anonymous_3)
FNDA:2,(anonymous_4)
FNDA:17,(anonymous_5)
FNDA:10,(anonymous_6)
FNDA:5,(anonymous_7)
FNDA:5,(anonymous_8)
FNDA:7,(anonymous_9)
FNDA:4,(anonymous_10)
FNDA:4,done
FNDA:4,(anonymous_12)
FNDA:3,(anonymous_13)
FNDA:4,(anonymous_14)
FNDA:1,(anonymous_15)
FNDA:3,(anonymous_16)
FNDA:1,(anonymous_17)
FNDA:3,(anonymous_18)
DA:3,1
DA:4,1
DA:5,1
DA:6,1
DA:9,8
DA:10,17
DA:11,17
DA:12,17
DA:13,2
DA:15,15
DA:22,2
DA:23,2
DA:24,2
DA:26,2
DA:28,2
DA:30,2
DA:35,2
DA:39,17
DA:40,17
DA:41,12
DA:43,17
DA:44,17
DA:48,10
DA:50,5
DA:51,10
DA:58,7
DA:65,1
DA:66,4
DA:67,4
DA:70,4
DA:71,4
DA:72,4
DA:73,4
DA:76,0
DA:77,0
DA:78,0
DA:80,0
DA:84,4
DA:85,4
DA:86,1
DA:89,3
DA:93,3
DA:94,3
DA:95,3
DA:96,3
DA:97,4
DA:98,3
DA:99,3
DA:102,3
DA:103,3
DA:104,3
DA:105,1
DA:106,1
DA:108,2
DA:112,3
DA:113,3
DA:121,3
DA:122,1
DA:124,2
DA:125,0
DA:127,2
DA:133,0
LF:62
LH:56
BRDA:12,0,0,2
BRDA:12,0,1,15
BRDA:40,1,0,12
BRDA:40,1,1,5
BRDA:70,2,0,4
BRDA:70,2,1,0
BRDA:76,3,0,0
BRDA:76,3,1,0
BRDA:77,4,0,0
BRDA:77,4,1,0
BRDA:85,5,0,1
BRDA:85,5,1,3
BRDA:97,6,0,3
BRDA:97,6,1,1
BRDA:104,7,0,1
BRDA:104,7,1,2
BRDA:121,8,0,1
BRDA:121,8,1,2
BRDA:124,9,0,0
BRDA:124,9,1,2
BRDA:124,10,0,2
BRDA:124,10,1,2
BRF:22
BRH:16
end_of_record
TN:
SF:test/test.js
FN:29,(anonymous_0)
FN:35,b64url
FN:44,(anonymous_2)
FN:64,make_secret_session_data
FN:76,verify_secret_session_data
FN:102,register
FN:103,(anonymous_6)
FN:118,(anonymous_7)
FN:124,(anonymous_8)
FN:135,(anonymous_9)
FN:151,(anonymous_10)
FN:160,login
FN:161,(anonymous_12)
FN:174,(anonymous_13)
FN:192,(anonymous_14)
FN:213,(anonymous_15)
FN:365,(anonymous_16)
FN:366,(anonymous_17)
FN:394,(anonymous_18)
FN:404,(anonymous_19)
FN:445,(anonymous_20)
FN:461,(anonymous_21)
FN:472,(anonymous_22)
FN:473,(anonymous_23)
FN:497,(anonymous_24)
FN:513,(anonymous_25)
FN:526,(anonymous_26)
FN:536,(anonymous_27)
FN:563,(anonymous_28)
FN:609,(anonymous_29)
FN:612,(anonymous_30)
FN:647,(anonymous_31)
FN:648,(anonymous_32)
FN:659,(anonymous_33)
FN:662,(anonymous_34)
FN:673,(anonymous_35)
FN:675,(anonymous_36)
FNF:37
FNH:37
FNDA:5,(anonymous_0)
FNDA:5,b64url
FNDA:1,(anonymous_2)
FNDA:10,make_secret_session_data
FNDA:10,verify_secret_session_data
FNDA:1,register
FNDA:5,(anonymous_6)
FNDA:2,(anonymous_7)
FNDA:5,(anonymous_8)
FNDA:5,(anonymous_9)
FNDA:3,(anonymous_10)
FNDA:1,login
FNDA:6,(anonymous_12)
FNDA:7,(anonymous_13)
FNDA:1,(anonymous_14)
FNDA:1,(anonymous_15)
FNDA:1,(anonymous_16)
FNDA:1,(anonymous_17)
FNDA:1,(anonymous_18)
FNDA:1,(anonymous_19)
FNDA:1,(anonymous_20)
FNDA:1,(anonymous_21)
FNDA:1,(anonymous_22)
FNDA:1,(anonymous_23)
FNDA:1,(anonymous_24)
FNDA:1,(anonymous_25)
FNDA:1,(anonymous_26)
FNDA:1,(anonymous_27)
FNDA:1,(anonymous_28)
FNDA:1,(anonymous_29)
FNDA:14,(anonymous_30)
FNDA:1,(anonymous_31)
FNDA:1,(anonymous_32)
FNDA:1,(anonymous_33)
FNDA:1,(anonymous_34)
FNDA:1,(anonymous_35)
FNDA:1,(anonymous_36)
DA:1,1
DA:2,1
DA:3,1
DA:4,1
DA:5,1
DA:6,1
DA:7,1
DA:8,1
DA:9,1
DA:11,1
DA:12,1
DA:13,1
DA:14,1
DA:15,1
DA:16,1
DA:18,1
DA:30,5
DA:31,5
DA:36,5
DA:41,1
DA:42,1
DA:44,1
DA:45,1
DA:47,1
DA:55,1
DA:60,1
DA:61,1
DA:62,1
DA:65,10
DA:67,10
DA:80,10
DA:81,10
DA:86,10
DA:87,1
DA:89,9
DA:90,1
DA:92,8
DA:93,1
DA:95,7
DA:97,3
DA:98,3
DA:103,1
DA:104,5
DA:105,5
DA:106,3
DA:113,3
DA:114,1
DA:116,3
DA:118,5
DA:122,5
DA:125,5
DA:126,5
DA:128,5
DA:135,1
DA:136,5
DA:137,5
DA:138,1
DA:140,4
DA:143,4
DA:144,4
DA:147,1
DA:148,1
DA:150,3
DA:151,5
DA:152,1
DA:155,2
DA:156,2
DA:161,1
DA:162,6
DA:163,6
DA:164,1
DA:166,5
DA:167,5
DA:174,1
DA:175,7
DA:176,7
DA:177,1
DA:179,6
DA:182,3
DA:183,3
DA:186,1
DA:187,1
DA:189,2
DA:190,1
DA:192,1
DA:194,1
DA:198,1
DA:199,1
DA:203,1
DA:207,1
DA:211,1
DA:213,1
DA:214,1
DA:215,1
DA:218,1
DA:219,1
DA:222,1
DA:365,1
DA:366,1
DA:367,1
DA:369,1
DA:371,1
DA:373,1
DA:375,1
DA:376,1
DA:377,1
DA:378,1
DA:380,1
DA:382,1
DA:385,1
DA:386,1
DA:387,1
DA:388,1
DA:390,1
DA:391,1
DA:394,1
DA:396,1
DA:397,1
DA:399,1
DA:401,1
DA:404,1
DA:405,1
DA:407,1
DA:409,1
DA:411,1
DA:413,1
DA:414,1
DA:415,1
DA:416,1
DA:418,1
DA:420,1
DA:421,1
DA:422,1
DA:423,1
DA:424,1
DA:425,1
DA:427,1
DA:429,1
DA:430,1
DA:431,1
DA:432,1
DA:434,1
DA:436,1
DA:437,1
DA:438,1
DA:439,1
DA:440,1
DA:441,1
DA:442,1
DA:445,1
DA:447,1
DA:456,1
DA:458,1
DA:461,1
DA:463,1
DA:464,1
DA:466,1
DA:468,1
DA:472,1
DA:473,1
DA:474,1
DA:477,1
DA:479,1
DA:481,1
DA:483,1
DA:484,1
DA:485,1
DA:486,1
DA:488,1
DA:490,1
DA:491,1
DA:492,1
DA:493,1
DA:494,1
DA:497,1
DA:499,1
DA:508,1
DA:510,1
DA:513,1
DA:515,1
DA:516,1
DA:521,1
DA:523,1
DA:526,1
DA:528,1
DA:529,1
DA:531,1
DA:533,1
DA:536,1
DA:538,1
DA:558,1
DA:560,1
DA:563,1
DA:565,1
DA:576,1
DA:578,1
DA:580,1
DA:589,1
DA:591,1
DA:593,1
DA:604,1
DA:606,1
DA:609,1
DA:611,1
DA:612,1
DA:613,14
DA:614,14
DA:615,1
DA:617,14
DA:619,1
DA:639,1
DA:641,1
DA:643,1
DA:647,1
DA:648,1
DA:650,1
DA:651,1
DA:653,1
DA:655,1
DA:659,1
DA:661,1
DA:662,1
DA:663,1
DA:664,1
DA:666,1
DA:668,1
DA:670,1
DA:673,1
DA:674,1
DA:675,1
DA:676,1
DA:677,1
LF:232
LH:232
BRDA:86,0,0,1
BRDA:86,0,1,9
BRDA:89,1,0,1
BRDA:89,1,1,8
BRDA:92,2,0,1
BRDA:92,2,1,7
BRDA:105,3,0,3
BRDA:105,3,1,2
BRDA:113,4,0,1
BRDA:113,4,1,2
BRDA:137,5,0,1
BRDA:137,5,1,4
BRDA:151,6,0,1
BRDA:151,6,1,4
BRDA:163,7,0,1
BRDA:163,7,1,5
BRDA:176,8,0,1
BRDA:176,8,1,6
BRDA:189,9,0,1
BRDA:189,9,1,1
BRDA:194,10,0,1
BRDA:614,11,0,1
BRDA:614,11,1,13
BRF:23
BRH:23
end_of_record
